android/app/build/intermediates/manifest_merge_blame_file/release/manifest-merger-blame-release-report.txt
1<?xml version="1.0" encoding="utf-8"?>
2<manifest xmlns:android="http://schemas.android.com/apk/res/android"
3    package="com.example.mybus"
4    android:versionCode="1"
5    android:versionName="1.0" >
6
7    <uses-sdk
8        android:minSdkVersion="21"
9        android:targetSdkVersion="33" />
10
11    <uses-permission android:name="android.permission.INTERNET" />
11-->src/main/AndroidManifest.xml:2:5-66
11-->src/main/AndroidManifest.xml:2:22-64
12
13    <queries>
13-->src/main/AndroidManifest.xml:3:9-9:19
14        <intent>
14-->src/main/AndroidManifest.xml:4:9-8:18
15            <action android:name="android.intent.action.VIEW" />
15-->src/main/AndroidManifest.xml:5:13-65
15-->src/main/AndroidManifest.xml:5:21-62
16
17            <data android:scheme="http" />
17-->src/main/AndroidManifest.xml:6:13-43
17-->src/main/AndroidManifest.xml:6:19-40
18            <data android:scheme="https" />
18-->src/main/AndroidManifest.xml:6:13-43
18-->src/main/AndroidManifest.xml:6:19-40
19        </intent>
20    </queries>
21    <!--
22         Required to query activities that can process text, see:
23         https://developer.android.com/training/package-visibility?hl=en and
24         https://developer.android.com/reference/android/content/Intent#ACTION_PROCESS_TEXT.
25
26         In particular, this is used by the Flutter engine in io.flutter.plugin.text.ProcessTextPlugin.
27    -->
28    <queries>
28-->src/main/AndroidManifest.xml:3:9-9:19
29        <intent>
29-->src/main/AndroidManifest.xml:50:9-53:18
30            <action android:name="android.intent.action.PROCESS_TEXT" />
30-->src/main/AndroidManifest.xml:51:13-72
30-->src/main/AndroidManifest.xml:51:21-70
31
32            <data android:mimeType="text/plain" />
32-->src/main/AndroidManifest.xml:6:13-43
32-->src/main/AndroidManifest.xml:52:19-48
33        </intent>
34    </queries>
35
36    <permission
36-->[androidx.core:core:1.9.0] AndroidManifest.xml:22:5-24:47
37        android:name="com.example.mybus.DYNAMIC_RECEIVER_NOT_EXPORTED_PERMISSION"
37-->[androidx.core:core:1.9.0] AndroidManifest.xml:23:9-81
38        android:protectionLevel="signature" />
38-->[androidx.core:core:1.9.0] AndroidManifest.xml:24:9-44
39
40    <uses-permission android:name="com.example.mybus.DYNAMIC_RECEIVER_NOT_EXPORTED_PERMISSION" />
40-->[androidx.core:core:1.9.0] AndroidManifest.xml:26:5-97
40-->[androidx.core:core:1.9.0] AndroidManifest.xml:26:22-94
41
42    <application
42-->src/main/AndroidManifest.xml:10:5-43:19
43        android:name="com.example.myapp.mybus"
43-->src/main/AndroidManifest.xml:12:9-47
44        android:appComponentFactory="androidx.core.app.CoreComponentFactory"
44-->[androidx.core:core:1.9.0] AndroidManifest.xml:28:18-86
45        android:extractNativeLibs="true"
46        android:icon="@mipmap/ic_launcher"
46-->src/main/AndroidManifest.xml:13:9-43
47        android:label="my_bus" >
47-->src/main/AndroidManifest.xml:11:9-31
48        <activity
48-->src/main/AndroidManifest.xml:14:9-34:20
49            android:name="com.example.mybus.MainActivity"
49-->src/main/AndroidManifest.xml:15:13-41
50            android:configChanges="orientation|keyboardHidden|keyboard|screenSize|smallestScreenSize|locale|layoutDirection|fontScale|screenLayout|density|uiMode"
50-->src/main/AndroidManifest.xml:19:13-163
51            android:exported="true"
51-->src/main/AndroidManifest.xml:16:13-36
52            android:hardwareAccelerated="true"
52-->src/main/AndroidManifest.xml:20:13-47
53            android:launchMode="singleTop"
53-->src/main/AndroidManifest.xml:17:13-43
54            android:theme="@style/LaunchTheme"
54-->src/main/AndroidManifest.xml:18:13-47
55            android:windowSoftInputMode="adjustResize" >
55-->src/main/AndroidManifest.xml:21:13-55
56
57            <!--
58                 Specifies an Android theme to apply to this Activity as soon as
59                 the Android process has started. This theme is visible to the user
60                 while the Flutter UI initializes. After that, this theme continues
61                 to determine the Window background behind the Flutter UI.
62            -->
63            <meta-data
63-->src/main/AndroidManifest.xml:26:13-29:17
64                android:name="io.flutter.embedding.android.NormalTheme"
64-->src/main/AndroidManifest.xml:27:15-70
65                android:resource="@style/NormalTheme" />
65-->src/main/AndroidManifest.xml:28:15-52
66
67            <intent-filter>
67-->src/main/AndroidManifest.xml:30:13-33:29
68                <action android:name="android.intent.action.MAIN" />
68-->src/main/AndroidManifest.xml:31:17-68
68-->src/main/AndroidManifest.xml:31:25-66
69
70                <category android:name="android.intent.category.LAUNCHER" />
70-->src/main/AndroidManifest.xml:32:17-76
70-->src/main/AndroidManifest.xml:32:27-74
71            </intent-filter>
72        </activity>
73        <!--
74             Don't delete the meta-data below.
75             This is used by the Flutter tool to generate GeneratedPluginRegistrant.java
76        -->
77        <meta-data
77-->src/main/AndroidManifest.xml:37:9-39:33
78            android:name="flutterEmbedding"
78-->src/main/AndroidManifest.xml:38:13-44
79            android:value="2" />
79-->src/main/AndroidManifest.xml:39:13-30
80        <meta-data
80-->src/main/AndroidManifest.xml:40:13-42:70
81            android:name="com.google.android.geo.API_KEY"
81-->src/main/AndroidManifest.xml:41:13-58
82            android:value="AIzaSyD3J6LhrZeyiWyKUuWl_H6GgZvZZGtwRXQ" />
82-->src/main/AndroidManifest.xml:42:13-68
83
84        <provider
84-->[androidx.emoji2:emoji2:1.2.0] AndroidManifest.xml:24:9-32:20
85            android:name="androidx.startup.InitializationProvider"
85-->[androidx.emoji2:emoji2:1.2.0] AndroidManifest.xml:25:13-67
86            android:authorities="com.example.mybus.androidx-startup"
86-->[androidx.emoji2:emoji2:1.2.0] AndroidManifest.xml:26:13-68
87            android:exported="false" >
87-->[androidx.emoji2:emoji2:1.2.0] AndroidManifest.xml:27:13-37
88            <meta-data
88-->[androidx.emoji2:emoji2:1.2.0] AndroidManifest.xml:29:13-31:52
89                android:name="androidx.emoji2.text.EmojiCompatInitializer"
89-->[androidx.emoji2:emoji2:1.2.0] AndroidManifest.xml:30:17-75
90                android:value="androidx.startup" />
90-->[androidx.emoji2:emoji2:1.2.0] AndroidManifest.xml:31:17-49
91            <meta-data
91-->[androidx.lifecycle:lifecycle-process:2.4.1] AndroidManifest.xml:31:13-33:52
92                android:name="androidx.lifecycle.ProcessLifecycleInitializer"
92-->[androidx.lifecycle:lifecycle-process:2.4.1] AndroidManifest.xml:32:17-78
93                android:value="androidx.startup" />
93-->[androidx.lifecycle:lifecycle-process:2.4.1] AndroidManifest.xml:33:17-49
94        </provider>
95    </application>
96
97</manifest>